<?xml version="1.0" encoding="UTF-8"?>
<!-- Generated by org.testng.reporters.JUnitReportReporter -->
<testsuite hostname="Stig-laptop" failures="0" tests="1" name="test_script.ManageContacts_test" time="5.418" errors="0" timestamp="2025-03-30T11:25:53 IST" skipped="0">
  <testcase classname="test_script.ManageContacts_test" name="manageContact" time="5.418"/>
</testsuite> <!-- test_script.ManageContacts_test -->
