<?xml version="1.0" encoding="UTF-8"?>
<!-- Generated by org.testng.reporters.JUnitReportReporter -->
<testsuite hostname="Stig-laptop" failures="0" tests="2" name="test_script.Managefooter_test" time="10.505" errors="0" timestamp="2025-04-02T01:10:58 IST" skipped="0">
  <testcase classname="test_script.Managefooter_test" name="manageFooterText" time="3.003"/>
  <testcase classname="test_script.Managefooter_test" name="manageFooterText" time="7.502"/>
</testsuite> <!-- test_script.Managefooter_test -->
