<?xml version="1.0" encoding="UTF-8"?>
<!-- Generated by org.testng.reporters.JUnitReportReporter -->
<testsuite hostname="Stig-laptop" failures="0" tests="2" name="test_script.SubCategory_test" time="7.752" errors="0" timestamp="2025-04-03T11:58:17 IST" skipped="0">
  <testcase classname="test_script.SubCategory_test" name="insertSubCategoryList" time="4.650"/>
  <testcase classname="test_script.SubCategory_test" name="deleteSubCategoryList" time="3.102"/>
</testsuite> <!-- test_script.SubCategory_test -->
