<?xml version="1.0" encoding="UTF-8"?>
<!-- Generated by org.testng.reporters.JUnitReportReporter -->
<testsuite hostname="Stig-laptop" failures="0" tests="4" name="test_script.Login_test" time="10.118" errors="0" timestamp="2025-03-23T23:24:14 IST" skipped="0">
  <testcase classname="test_script.Login_test" name="verifyInvalidePasswordEntry" time="2.471"/>
  <testcase classname="test_script.Login_test" name="verifyLoginWithValidCredentials" time="2.636"/>
  <testcase classname="test_script.Login_test" name="verifyInvalidUsernameAndPassword" time="2.322"/>
  <testcase classname="test_script.Login_test" name="verifyInvalideUserNameEntry" time="2.689"/>
</testsuite> <!-- test_script.Login_test -->
