<?xml version="1.0" encoding="UTF-8"?>
<!-- Generated by org.testng.reporters.JUnitReportReporter -->
<testsuite hostname="Stig-laptop" failures="0" tests="1" name="test_script.Managefooter_test" time="4.392" errors="0" timestamp="2025-03-23T23:24:14 IST" skipped="0">
  <testcase classname="test_script.Managefooter_test" name="footerText" time="4.392"/>
</testsuite> <!-- test_script.Managefooter_test -->
