<?xml version="1.0" encoding="UTF-8"?>
<!-- Generated by org.testng.reporters.JUnitReportReporter -->
<testsuite hostname="Stig-laptop" failures="0" tests="1" name="test_script.Home_test" time="2.996" errors="0" timestamp="2025-04-03T11:58:17 IST" skipped="0">
  <testcase classname="test_script.Home_test" name="logout" time="2.996"/>
</testsuite> <!-- test_script.Home_test -->
