<?xml version="1.0" encoding="UTF-8"?>
<!-- Generated by org.testng.reporters.JUnitReportReporter -->
<testsuite hostname="Stig-laptop" failures="0" tests="2" name="test_script.ManageContacts_test" time="10.945" errors="0" timestamp="2025-04-02T01:10:58 IST" skipped="0">
  <testcase classname="test_script.ManageContacts_test" name="manageContact" time="3.250"/>
  <testcase classname="test_script.ManageContacts_test" name="manageContact" time="7.695"/>
</testsuite> <!-- test_script.ManageContacts_test -->
