<?xml version="1.0" encoding="UTF-8"?>
<!-- Generated by org.testng.reporters.JUnitReportReporter -->
<testsuite hostname="Stig-laptop" failures="0" tests="1" name="test_script.ManageNews_test" time="3.497" errors="0" timestamp="2025-03-30T11:25:53 IST" skipped="0">
  <testcase classname="test_script.ManageNews_test" name="manageNewsInput" time="3.497"/>
</testsuite> <!-- test_script.ManageNews_test -->
