<?xml version="1.0" encoding="UTF-8"?>
<!-- Generated by org.testng.reporters.JUnitReportReporter -->
<testsuite hostname="Stig-laptop" failures="0" tests="1" name="test_script.Logout_test" time="5.150" errors="0" timestamp="2025-03-24T22:46:33 IST" skipped="0">
  <testcase classname="test_script.Logout_test" name="logout" time="5.150"/>
</testsuite> <!-- test_script.Logout_test -->
