<?xml version="1.0" encoding="UTF-8"?>
<!-- Generated by org.testng.reporters.JUnitReportReporter -->
<testsuite hostname="Stig-laptop" failures="0" tests="4" name="test_script.Login_test" time="9.327" errors="0" timestamp="2025-03-30T11:25:53 IST" skipped="0">
  <testcase classname="test_script.Login_test" name="verifyInvalidUsernameAndPassword" time="2.350"/>
  <testcase classname="test_script.Login_test" name="verifyLoginWithValidCredentials" time="2.258"/>
  <testcase classname="test_script.Login_test" name="verifyInvalideUserNameEntry" time="2.262"/>
  <testcase classname="test_script.Login_test" name="verifyInvalidePasswordEntry" time="2.457"/>
</testsuite> <!-- test_script.Login_test -->
