<?xml version="1.0" encoding="UTF-8"?>
<!-- Generated by org.testng.reporters.JUnitReportReporter -->
<testsuite hostname="Stig-laptop" failures="0" tests="8" name="test_script.Login_test" time="31.694" errors="0" timestamp="2025-04-02T01:10:58 IST" skipped="0">
  <testcase classname="test_script.Login_test" name="verifyInvalidUsernameAndPassword" time="1.938"/>
  <testcase classname="test_script.Login_test" name="verifyInvalidePasswordEntry" time="5.706"/>
  <testcase classname="test_script.Login_test" name="verifyInvalidePasswordEntry" time="1.902"/>
  <testcase classname="test_script.Login_test" name="verifyInvalideUserNameEntry" time="5.859"/>
  <testcase classname="test_script.Login_test" name="verifyInvalidUsernameAndPassword" time="6.399"/>
  <testcase classname="test_script.Login_test" name="verifyInvalideUserNameEntry" time="1.905"/>
  <testcase classname="test_script.Login_test" name="verifyLoginWithValidCredentials" time="2.194"/>
  <testcase classname="test_script.Login_test" name="verifyLoginWithValidCredentials" time="5.791"/>
</testsuite> <!-- test_script.Login_test -->
