<?xml version="1.0" encoding="UTF-8"?>
<!-- Generated by org.testng.reporters.JUnitReportReporter -->
<testsuite hostname="Stig-laptop" failures="0" tests="2" name="test_script.ManageNews_test" time="10.085" errors="0" timestamp="2025-04-02T01:10:58 IST" skipped="0">
  <testcase classname="test_script.ManageNews_test" name="manageNewsInput" time="7.164"/>
  <testcase classname="test_script.ManageNews_test" name="manageNewsInput" time="2.921"/>
</testsuite> <!-- test_script.ManageNews_test -->
