<?xml version="1.0" encoding="UTF-8"?>
<!-- Generated by org.testng.reporters.JUnitReportReporter -->
<testsuite hostname="Stig-laptop" failures="0" tests="4" name="test_script.Login_test" time="11.301" errors="0" timestamp="2025-03-26T15:23:51 IST" skipped="0">
  <testcase classname="test_script.Login_test" name="verifyInvalidUsernameAndPassword" time="3.461"/>
  <testcase classname="test_script.Login_test" name="verifyLoginWithValidCredentials" time="2.701"/>
  <testcase classname="test_script.Login_test" name="verifyInvalidePasswordEntry" time="2.657"/>
  <testcase classname="test_script.Login_test" name="verifyInvalideUserNameEntry" time="2.482"/>
</testsuite> <!-- test_script.Login_test -->
