<?xml version="1.0" encoding="UTF-8"?>
<!-- Generated by org.testng.reporters.JUnitReportReporter -->
<testsuite hostname="Stig-laptop" failures="0" tests="4" name="test_script.Login_test" time="8.513" errors="0" timestamp="2025-04-03T11:58:17 IST" skipped="0">
  <testcase classname="test_script.Login_test" name="verifyInvalidePasswordEntry" time="2.011"/>
  <testcase classname="test_script.Login_test" name="verifyInvalidUsernameAndPassword" time="2.029"/>
  <testcase classname="test_script.Login_test" name="verifyInvalideUserNameEntry" time="2.091"/>
  <testcase classname="test_script.Login_test" name="verifyLoginWithValidCredentials" time="2.382"/>
</testsuite> <!-- test_script.Login_test -->
