<?xml version="1.0" encoding="UTF-8"?>
<!-- Generated by org.testng.reporters.JUnitReportReporter -->
<testsuite hostname="Stig-laptop" failures="0" tests="2" name="test_script.AdminUsers_test" time="6.958" errors="0" timestamp="2025-04-03T11:58:17 IST" skipped="0">
  <testcase classname="test_script.AdminUsers_test" name="input_AdminUserDetails" time="3.814"/>
  <testcase classname="test_script.AdminUsers_test" name="delete_AdminUserDetails" time="3.144"/>
</testsuite> <!-- test_script.AdminUsers_test -->
