<?xml version="1.0" encoding="UTF-8"?>
<!-- Generated by org.testng.reporters.JUnitReportReporter -->
<testsuite hostname="Stig-laptop" failures="0" tests="2" name="test_script.AdminUsers_test" time="11.142" errors="0" timestamp="2025-03-23T23:24:14 IST" skipped="0">
  <testcase classname="test_script.AdminUsers_test" name="input_AdminUserDetails" time="7.444"/>
  <testcase classname="test_script.AdminUsers_test" name="delete_AdminUserDetails" time="3.698"/>
</testsuite> <!-- test_script.AdminUsers_test -->
